<?xml version="1.0" encoding="UTF-8"?>
<!-- Generated by org.testng.reporters.JUnitReportReporter -->
<testsuite skipped="2" hostname="SHUSSHANTH-PC" name="com.ddf.zoho.testcases.Logintest" tests="2" failures="0" timestamp="23 Apr 2017 07:28:16 GMT" time="10.657" errors="0">
  <testcase name="doLoginTest" time="5.862" classname="com.ddf.zoho.testcases.Logintest">
    <skipped/>
  </testcase> <!-- doLoginTest -->
  <testcase name="doLoginTest" time="4.795" classname="com.ddf.zoho.testcases.Logintest">
    <skipped/>
  </testcase> <!-- doLoginTest -->
</testsuite> <!-- com.ddf.zoho.testcases.Logintest -->
