<?xml version="1.0" encoding="UTF-8"?>
<!-- Generated by org.testng.reporters.JUnitReportReporter -->
<testsuite skipped="1" hostname="SHUSSHANTH-PC" name="com.ddf.zoho.testcases.DealsTest" tests="2" failures="0" timestamp="23 Apr 2017 07:28:16 GMT" time="5.433" errors="0">
  <testcase name="CreateDealTest" time="1.028" classname="com.ddf.zoho.testcases.DealsTest">
    <skipped/>
  </testcase> <!-- CreateDealTest -->
  <testcase name="DeleteDealTest" time="4.405" classname="com.ddf.zoho.testcases.DealsTest"/>
</testsuite> <!-- com.ddf.zoho.testcases.DealsTest -->
