<?xml version="1.0" encoding="UTF-8"?>
<!-- Generated by org.testng.reporters.JUnitReportReporter -->
<testsuite skipped="9" hostname="SHUSSHANTH-PC" name="com.ddf.zoho.testcases.LeadTest" tests="9" failures="0" timestamp="23 Apr 2017 07:28:16 GMT" time="22.451" errors="0">
  <testcase name="CreateLeadTest" time="5.106" classname="com.ddf.zoho.testcases.LeadTest">
    <skipped/>
  </testcase> <!-- CreateLeadTest -->
  <testcase name="CreateLeadTest" time="0.318" classname="com.ddf.zoho.testcases.LeadTest">
    <skipped/>
  </testcase> <!-- CreateLeadTest -->
  <testcase name="CreateLeadTest" time="0.592" classname="com.ddf.zoho.testcases.LeadTest">
    <skipped/>
  </testcase> <!-- CreateLeadTest -->
  <testcase name="CreateLeadTest" time="0.431" classname="com.ddf.zoho.testcases.LeadTest">
    <skipped/>
  </testcase> <!-- CreateLeadTest -->
  <testcase name="ConvertLeadTest" time="4.797" classname="com.ddf.zoho.testcases.LeadTest">
    <skipped/>
  </testcase> <!-- ConvertLeadTest -->
  <testcase name="ConvertLeadTest" time="0.665" classname="com.ddf.zoho.testcases.LeadTest">
    <skipped/>
  </testcase> <!-- ConvertLeadTest -->
  <testcase name="ConvertLeadTest" time="5.363" classname="com.ddf.zoho.testcases.LeadTest">
    <skipped/>
  </testcase> <!-- ConvertLeadTest -->
  <testcase name="ConvertLeadTest" time="0.427" classname="com.ddf.zoho.testcases.LeadTest">
    <skipped/>
  </testcase> <!-- ConvertLeadTest -->
  <testcase name="DeleteLeadAccountTest" time="4.752" classname="com.ddf.zoho.testcases.LeadTest">
    <skipped/>
  </testcase> <!-- DeleteLeadAccountTest -->
</testsuite> <!-- com.ddf.zoho.testcases.LeadTest -->
